2025-04-28 22:12:48 [INFO] [PROFILE] System agent_spawning_system took 292ns
2025-04-28 22:12:49 [INFO] [PROFILE] System agent_spawning_system took 125ns
2025-04-28 22:12:49 [INFO] [PROFILE] System initial_spawn_system took 373.792µs
2025-04-28 22:12:49 [INFO] [PROFILE] System food_collection_system took 7.417µs
2025-04-28 22:12:49 [INFO] [PROFILE] System agent_pausing_system took 334ns
2025-04-28 22:12:49 [INFO] [PROFILE] System agent_hunger_energy_system took 1.041µs
2025-04-28 22:12:49 [INFO] [PROFILE] System agent_path_movement_system took 375ns
2025-04-28 22:12:49 [INFO] [PROFILE] System agent_direct_movement_system took 917ns
2025-04-28 22:12:49 [INFO] [PROFILE] System agent_state_transition_system took 7µs
2025-04-28 22:12:49 [INFO] [PROFILE] System agent_arrival_logging_system took 2.375µs
2025-04-28 22:12:49 [INFO] [PROFILE] System agent_move_logging_system took 551.791µs
2025-04-28 22:12:49 [INFO] [PROFILE] System agent_spawn_logging_system took 651.375µs
2025-04-28 22:12:49 [INFO] [PROFILE] System interaction_event_logging_system took 1.130584ms
2025-04-28 22:12:49 [INFO] [PROFILE] System agent_agent_interaction_system took 998.25µs
2025-04-28 22:12:49 [INFO] [PROFILE] System interaction_stats_update_system took 41ns
2025-04-28 22:12:50 [INFO] [PROFILE] System initial_spawn_system took 84ns
2025-04-28 22:12:50 [INFO] [PROFILE] System food_collection_system took 126.708µs
2025-04-28 22:12:50 [INFO] [PROFILE] System agent_pausing_system took 4.584µs
2025-04-28 22:12:50 [INFO] [PROFILE] System agent_hunger_energy_system took 5.583µs
2025-04-28 22:12:50 [INFO] [PROFILE] System agent_path_movement_system took 10.875µs
2025-04-28 22:12:50 [INFO] [PROFILE] System agent_direct_movement_system took 6.583µs
2025-04-28 22:12:50 [INFO] [PROFILE] System agent_state_transition_system took 6.708µs
2025-04-28 22:12:50 [INFO] [PROFILE] System agent_arrival_logging_system took 55.25µs
2025-04-28 22:12:50 [INFO] [PROFILE] System agent_move_logging_system took 557.333µs
2025-04-28 22:12:50 [INFO] [PROFILE] System agent_spawn_logging_system took 641.041µs
2025-04-28 22:12:50 [INFO] [PROFILE] System interaction_event_logging_system took 291ns
2025-04-28 22:12:50 [INFO] [PROFILE] System agent_agent_interaction_system took 868.625µs
2025-04-28 22:12:50 [INFO] [PROFILE] System interaction_stats_update_system took 0ns
2025-04-28 22:12:50 [INFO] [PROFILE] System initial_spawn_system took 42ns
2025-04-28 22:12:50 [INFO] [PROFILE] System food_collection_system took 213.417µs
2025-04-28 22:12:50 [INFO] [PROFILE] System agent_pausing_system took 3.041µs
2025-04-28 22:12:50 [INFO] [PROFILE] System agent_hunger_energy_system took 10.083µs
2025-04-28 22:12:50 [INFO] [PROFILE] System agent_path_movement_system took 5.417µs
2025-04-28 22:12:50 [INFO] [PROFILE] System agent_direct_movement_system took 7.209µs
2025-04-28 22:12:50 [INFO] [PROFILE] System agent_state_transition_system took 7.375µs
2025-04-28 22:12:50 [INFO] [PROFILE] System agent_arrival_logging_system took 22.208µs
2025-04-28 22:12:50 [INFO] [PROFILE] System agent_move_logging_system took 515.125µs
2025-04-28 22:12:50 [INFO] [PROFILE] System agent_spawn_logging_system took 573.333µs
2025-04-28 22:12:50 [INFO] [PROFILE] System interaction_event_logging_system took 2.75µs
2025-04-28 22:12:50 [INFO] [PROFILE] System agent_agent_interaction_system took 878µs
2025-04-28 22:12:50 [INFO] [PROFILE] System interaction_stats_update_system took 0ns
2025-04-28 22:12:50 [INFO] [PROFILE] System initial_spawn_system took 42ns
2025-04-28 22:12:50 [INFO] [PROFILE] System food_collection_system took 306.25µs
2025-04-28 22:12:50 [INFO] [PROFILE] System agent_pausing_system took 2.625µs
2025-04-28 22:12:50 [INFO] [PROFILE] System agent_hunger_energy_system took 5.875µs
2025-04-28 22:12:50 [INFO] [PROFILE] System agent_path_movement_system took 5.417µs
2025-04-28 22:12:50 [INFO] [PROFILE] System agent_direct_movement_system took 17.959µs
2025-04-28 22:12:50 [INFO] [PROFILE] System agent_state_transition_system took 7.792µs
2025-04-28 22:12:50 [INFO] [PROFILE] System agent_arrival_logging_system took 21.958µs
2025-04-28 22:12:50 [INFO] [PROFILE] System agent_move_logging_system took 523.541µs
2025-04-28 22:12:50 [INFO] [PROFILE] System agent_spawn_logging_system took 591µs
2025-04-28 22:12:50 [INFO] [PROFILE] System interaction_event_logging_system took 2.75µs
2025-04-28 22:12:50 [INFO] [PROFILE] System agent_agent_interaction_system took 910.167µs
2025-04-28 22:12:50 [INFO] [PROFILE] System interaction_stats_update_system took 42ns
2025-04-28 22:12:51 [INFO] [PROFILE] System initial_spawn_system took 83ns
2025-04-28 22:12:51 [INFO] [PROFILE] System food_collection_system took 409.708µs
2025-04-28 22:12:51 [INFO] [PROFILE] System agent_pausing_system took 24.208µs
2025-04-28 22:12:51 [INFO] [PROFILE] System agent_hunger_energy_system took 6.166µs
2025-04-28 22:12:51 [INFO] [PROFILE] System agent_path_movement_system took 6.167µs
2025-04-28 22:12:51 [INFO] [PROFILE] System agent_direct_movement_system took 12.416µs
2025-04-28 22:12:51 [INFO] [PROFILE] System agent_state_transition_system took 8.208µs
2025-04-28 22:12:51 [INFO] [PROFILE] System agent_arrival_logging_system took 30.459µs
2025-04-28 22:12:51 [INFO] [PROFILE] System agent_move_logging_system took 555.417µs
2025-04-28 22:12:51 [INFO] [PROFILE] System agent_spawn_logging_system took 628.583µs
2025-04-28 22:12:51 [INFO] [PROFILE] System interaction_event_logging_system took 4.625µs
2025-04-28 22:12:51 [INFO] [PROFILE] System agent_agent_interaction_system took 864.25µs
2025-04-28 22:12:51 [INFO] [PROFILE] System interaction_stats_update_system took 0ns
2025-04-28 22:12:51 [INFO] [PROFILE] System initial_spawn_system took 42ns
2025-04-28 22:12:51 [INFO] [PROFILE] System food_collection_system took 485.125µs
2025-04-28 22:12:51 [INFO] [PROFILE] System agent_pausing_system took 3.25µs
2025-04-28 22:12:51 [INFO] [PROFILE] System agent_hunger_energy_system took 6.917µs
2025-04-28 22:12:51 [INFO] [PROFILE] System agent_path_movement_system took 5.708µs
2025-04-28 22:12:51 [INFO] [PROFILE] System agent_direct_movement_system took 7.209µs
2025-04-28 22:12:51 [INFO] [PROFILE] System agent_state_transition_system took 7.75µs
2025-04-28 22:12:51 [INFO] [PROFILE] System agent_arrival_logging_system took 63.583µs
2025-04-28 22:12:51 [INFO] [PROFILE] System agent_move_logging_system took 537.25µs
2025-04-28 22:12:51 [INFO] [PROFILE] System agent_spawn_logging_system took 660.75µs
2025-04-28 22:12:51 [INFO] [PROFILE] System interaction_event_logging_system took 3.416µs
2025-04-28 22:12:51 [INFO] [PROFILE] System agent_agent_interaction_system took 861.833µs
2025-04-28 22:12:51 [INFO] [PROFILE] System interaction_stats_update_system took 42ns
2025-04-28 22:12:51 [INFO] [PROFILE] System initial_spawn_system took 0ns
2025-04-28 22:12:51 [INFO] [PROFILE] System food_collection_system took 542.875µs
2025-04-28 22:12:51 [INFO] [PROFILE] System agent_pausing_system took 3.083µs
2025-04-28 22:12:51 [INFO] [PROFILE] System agent_hunger_energy_system took 6.041µs
2025-04-28 22:12:51 [INFO] [PROFILE] System agent_path_movement_system took 5.167µs
2025-04-28 22:12:51 [INFO] [PROFILE] System agent_direct_movement_system took 15.25µs
2025-04-28 22:12:51 [INFO] [PROFILE] System agent_state_transition_system took 7.25µs
2025-04-28 22:12:51 [INFO] [PROFILE] System agent_arrival_logging_system took 23.125µs
2025-04-28 22:12:51 [INFO] [PROFILE] System agent_move_logging_system took 515.958µs
2025-04-28 22:12:51 [INFO] [PROFILE] System agent_spawn_logging_system took 629.25µs
2025-04-28 22:12:51 [INFO] [PROFILE] System interaction_event_logging_system took 2.5µs
2025-04-28 22:12:51 [INFO] [PROFILE] System agent_agent_interaction_system took 866.666µs
2025-04-28 22:12:51 [INFO] [PROFILE] System interaction_stats_update_system took 42ns
2025-04-28 22:12:52 [INFO] [PROFILE] System initial_spawn_system took 83ns
2025-04-28 22:12:52 [INFO] [PROFILE] System food_collection_system took 647.583µs
2025-04-28 22:12:52 [INFO] [PROFILE] System agent_pausing_system took 3.375µs
2025-04-28 22:12:52 [INFO] [PROFILE] System agent_hunger_energy_system took 6.167µs
2025-04-28 22:12:52 [INFO] [PROFILE] System agent_path_movement_system took 6.083µs
2025-04-28 22:12:52 [INFO] [PROFILE] System agent_direct_movement_system took 15.167µs
2025-04-28 22:12:52 [INFO] [PROFILE] System agent_state_transition_system took 7.291µs
2025-04-28 22:12:52 [INFO] [PROFILE] System agent_arrival_logging_system took 19.375µs
2025-04-28 22:12:52 [INFO] [PROFILE] System agent_move_logging_system took 532.833µs
2025-04-28 22:12:52 [INFO] [PROFILE] System agent_spawn_logging_system took 615.75µs
2025-04-28 22:12:52 [INFO] [PROFILE] System interaction_event_logging_system took 4.334µs
2025-04-28 22:12:52 [INFO] [PROFILE] System agent_agent_interaction_system took 876.708µs
2025-04-28 22:12:52 [INFO] [PROFILE] System interaction_stats_update_system took 0ns
2025-04-28 22:12:52 [INFO] [PROFILE] System initial_spawn_system took 42ns
2025-04-28 22:12:52 [INFO] [PROFILE] System food_collection_system took 703.458µs
2025-04-28 22:12:52 [INFO] [PROFILE] System agent_pausing_system took 3.959µs
2025-04-28 22:12:52 [INFO] [PROFILE] System agent_hunger_energy_system took 23.166µs
2025-04-28 22:12:52 [INFO] [PROFILE] System agent_path_movement_system took 5.208µs
2025-04-28 22:12:52 [INFO] [PROFILE] System agent_direct_movement_system took 13.75µs
2025-04-28 22:12:52 [INFO] [PROFILE] System agent_state_transition_system took 7.167µs
2025-04-28 22:12:52 [INFO] [PROFILE] System agent_arrival_logging_system took 26.042µs
2025-04-28 22:12:52 [INFO] [PROFILE] System agent_move_logging_system took 535.375µs
2025-04-28 22:12:52 [INFO] [PROFILE] System agent_spawn_logging_system took 651.875µs
2025-04-28 22:12:52 [INFO] [PROFILE] System interaction_event_logging_system took 4.333µs
2025-04-28 22:12:52 [INFO] [PROFILE] System agent_agent_interaction_system took 852.625µs
2025-04-28 22:12:52 [INFO] [PROFILE] System interaction_stats_update_system took 41ns
2025-04-28 22:12:52 [INFO] [PROFILE] System initial_spawn_system took 42ns
2025-04-28 22:12:52 [INFO] [PROFILE] System food_collection_system took 793.708µs
2025-04-28 22:12:52 [INFO] [PROFILE] System agent_pausing_system took 2.875µs
2025-04-28 22:12:52 [INFO] [PROFILE] System agent_hunger_energy_system took 5.625µs
2025-04-28 22:12:52 [INFO] [PROFILE] System agent_path_movement_system took 5.209µs
2025-04-28 22:12:52 [INFO] [PROFILE] System agent_direct_movement_system took 6.833µs
2025-04-28 22:12:52 [INFO] [PROFILE] System agent_state_transition_system took 7.291µs
2025-04-28 22:12:52 [INFO] [PROFILE] System agent_arrival_logging_system took 23µs
2025-04-28 22:12:52 [INFO] [PROFILE] System agent_move_logging_system took 627.875µs
2025-04-28 22:12:52 [INFO] [PROFILE] System agent_spawn_logging_system took 603.833µs
2025-04-28 22:12:52 [INFO] [PROFILE] System interaction_event_logging_system took 4.5µs
2025-04-28 22:12:52 [INFO] [PROFILE] System agent_agent_interaction_system took 872.875µs
2025-04-28 22:12:52 [INFO] [PROFILE] System interaction_stats_update_system took 42ns
2025-04-28 22:12:53 [INFO] [PROFILE] System initial_spawn_system took 0ns
2025-04-28 22:12:53 [INFO] [PROFILE] System food_collection_system took 857.875µs
2025-04-28 22:12:53 [INFO] [PROFILE] System agent_pausing_system took 3.25µs
2025-04-28 22:12:53 [INFO] [PROFILE] System agent_hunger_energy_system took 11.375µs
2025-04-28 22:12:53 [INFO] [PROFILE] System agent_path_movement_system took 5.5µs
2025-04-28 22:12:53 [INFO] [PROFILE] System agent_direct_movement_system took 7.125µs
2025-04-28 22:12:53 [INFO] [PROFILE] System agent_state_transition_system took 7.583µs
2025-04-28 22:12:53 [INFO] [PROFILE] System agent_arrival_logging_system took 21.208µs
2025-04-28 22:12:53 [INFO] [PROFILE] System agent_move_logging_system took 530.667µs
2025-04-28 22:12:53 [INFO] [PROFILE] System agent_spawn_logging_system took 573.333µs
2025-04-28 22:12:53 [INFO] [PROFILE] System interaction_event_logging_system took 4.583µs
2025-04-28 22:12:53 [INFO] [PROFILE] System agent_agent_interaction_system took 880.458µs
2025-04-28 22:12:53 [INFO] [PROFILE] System interaction_stats_update_system took 0ns
2025-04-28 22:12:53 [INFO] [PROFILE] System initial_spawn_system took 42ns
2025-04-28 22:12:53 [INFO] [PROFILE] System food_collection_system took 1.011625ms
2025-04-28 22:12:53 [INFO] [PROFILE] System agent_pausing_system took 3.458µs
2025-04-28 22:12:53 [INFO] [PROFILE] System agent_hunger_energy_system took 10.167µs
2025-04-28 22:12:53 [INFO] [PROFILE] System agent_path_movement_system took 5.458µs
2025-04-28 22:12:53 [INFO] [PROFILE] System agent_direct_movement_system took 7µs
2025-04-28 22:12:53 [INFO] [PROFILE] System agent_state_transition_system took 6.875µs
2025-04-28 22:12:53 [INFO] [PROFILE] System agent_arrival_logging_system took 21.292µs
2025-04-28 22:12:53 [INFO] [PROFILE] System agent_move_logging_system took 510.292µs
2025-04-28 22:12:53 [INFO] [PROFILE] System agent_spawn_logging_system took 562.291µs
2025-04-28 22:12:53 [INFO] [PROFILE] System interaction_event_logging_system took 7.791µs
2025-04-28 22:12:53 [INFO] [PROFILE] System agent_agent_interaction_system took 911.417µs
2025-04-28 22:12:53 [INFO] [PROFILE] System interaction_stats_update_system took 0ns
2025-04-28 22:12:53 [INFO] [PROFILE] System initial_spawn_system took 0ns
2025-04-28 22:12:53 [INFO] [PROFILE] System food_collection_system took 1.016125ms
2025-04-28 22:12:53 [INFO] [PROFILE] System agent_pausing_system took 3.333µs
2025-04-28 22:12:53 [INFO] [PROFILE] System agent_hunger_energy_system took 6.292µs
2025-04-28 22:12:53 [INFO] [PROFILE] System agent_path_movement_system took 5.959µs
2025-04-28 22:12:53 [INFO] [PROFILE] System agent_direct_movement_system took 11.459µs
2025-04-28 22:12:53 [INFO] [PROFILE] System agent_state_transition_system took 6.708µs
2025-04-28 22:12:53 [INFO] [PROFILE] System agent_arrival_logging_system took 21.25µs
2025-04-28 22:12:53 [INFO] [PROFILE] System agent_move_logging_system took 514.584µs
2025-04-28 22:12:53 [INFO] [PROFILE] System agent_spawn_logging_system took 564.459µs
2025-04-28 22:12:53 [INFO] [PROFILE] System interaction_event_logging_system took 3.5µs
2025-04-28 22:12:53 [INFO] [PROFILE] System agent_agent_interaction_system took 846.375µs
2025-04-28 22:12:53 [INFO] [PROFILE] System interaction_stats_update_system took 42ns
2025-04-28 22:12:54 [INFO] [PROFILE] System initial_spawn_system took 42ns
2025-04-28 22:12:54 [INFO] [PROFILE] System food_collection_system took 1.117333ms
2025-04-28 22:12:54 [INFO] [PROFILE] System agent_pausing_system took 3.167µs
2025-04-28 22:12:54 [INFO] [PROFILE] System agent_hunger_energy_system took 6.375µs
2025-04-28 22:12:54 [INFO] [PROFILE] System agent_path_movement_system took 5.458µs
2025-04-28 22:12:54 [INFO] [PROFILE] System agent_direct_movement_system took 15µs
2025-04-28 22:12:54 [INFO] [PROFILE] System agent_state_transition_system took 7.25µs
2025-04-28 22:12:54 [INFO] [PROFILE] System agent_arrival_logging_system took 23.75µs
2025-04-28 22:12:54 [INFO] [PROFILE] System agent_move_logging_system took 524.958µs
2025-04-28 22:12:54 [INFO] [PROFILE] System agent_spawn_logging_system took 659µs
2025-04-28 22:12:54 [INFO] [PROFILE] System interaction_event_logging_system took 4.25µs
2025-04-28 22:12:54 [INFO] [PROFILE] System agent_agent_interaction_system took 867.625µs
2025-04-28 22:12:54 [INFO] [PROFILE] System interaction_stats_update_system took 41ns
2025-04-28 22:12:54 [INFO] [PROFILE] System initial_spawn_system took 83ns
2025-04-28 22:12:54 [INFO] [PROFILE] System food_collection_system took 1.162167ms
2025-04-28 22:12:54 [INFO] [PROFILE] System agent_pausing_system took 3.042µs
2025-04-28 22:12:54 [INFO] [PROFILE] System agent_hunger_energy_system took 11.916µs
2025-04-28 22:12:54 [INFO] [PROFILE] System agent_path_movement_system took 5.875µs
2025-04-28 22:12:54 [INFO] [PROFILE] System agent_direct_movement_system took 7.542µs
2025-04-28 22:12:54 [INFO] [PROFILE] System agent_state_transition_system took 7.541µs
2025-04-28 22:12:54 [INFO] [PROFILE] System agent_arrival_logging_system took 22.042µs
2025-04-28 22:12:54 [INFO] [PROFILE] System agent_move_logging_system took 503.792µs
2025-04-28 22:12:54 [INFO] [PROFILE] System agent_spawn_logging_system took 736.584µs
2025-04-28 22:12:54 [INFO] [PROFILE] System interaction_event_logging_system took 3.959µs
2025-04-28 22:12:54 [INFO] [PROFILE] System agent_agent_interaction_system took 866.916µs
2025-04-28 22:12:54 [INFO] [PROFILE] System interaction_stats_update_system took 42ns
2025-04-28 22:12:54 [INFO] [PROFILE] System initial_spawn_system took 0ns
2025-04-28 22:12:54 [INFO] [PROFILE] System food_collection_system took 1.245916ms
2025-04-28 22:12:54 [INFO] [PROFILE] System agent_pausing_system took 3.167µs
2025-04-28 22:12:54 [INFO] [PROFILE] System agent_hunger_energy_system took 6.209µs
2025-04-28 22:12:54 [INFO] [PROFILE] System agent_path_movement_system took 5.333µs
2025-04-28 22:12:54 [INFO] [PROFILE] System agent_direct_movement_system took 6.667µs
2025-04-28 22:12:54 [INFO] [PROFILE] System agent_state_transition_system took 10.209µs
2025-04-28 22:12:54 [INFO] [PROFILE] System agent_arrival_logging_system took 14.416µs
2025-04-28 22:12:54 [INFO] [PROFILE] System agent_move_logging_system took 513.833µs
2025-04-28 22:12:54 [INFO] [PROFILE] System agent_spawn_logging_system took 581.666µs
2025-04-28 22:12:54 [INFO] [PROFILE] System interaction_event_logging_system took 6.208µs
2025-04-28 22:12:54 [INFO] [PROFILE] System agent_agent_interaction_system took 879.083µs
2025-04-28 22:12:54 [INFO] [PROFILE] System interaction_stats_update_system took 42ns
2025-04-28 22:12:55 [INFO] [PROFILE] System initial_spawn_system took 42ns
2025-04-28 22:12:55 [INFO] [PROFILE] System food_collection_system took 1.360958ms
2025-04-28 22:12:55 [INFO] [PROFILE] System agent_pausing_system took 4.542µs
2025-04-28 22:12:55 [INFO] [PROFILE] System agent_hunger_energy_system took 16.5µs
2025-04-28 22:12:55 [INFO] [PROFILE] System agent_path_movement_system took 5.167µs
2025-04-28 22:12:55 [INFO] [PROFILE] System agent_direct_movement_system took 6.625µs
2025-04-28 22:12:55 [INFO] [PROFILE] System agent_state_transition_system took 7.167µs
2025-04-28 22:12:55 [INFO] [PROFILE] System agent_arrival_logging_system took 18.125µs
2025-04-28 22:12:55 [INFO] [PROFILE] System agent_move_logging_system took 544.666µs
2025-04-28 22:12:55 [INFO] [PROFILE] System agent_spawn_logging_system took 625.417µs
2025-04-28 22:12:55 [INFO] [PROFILE] System interaction_event_logging_system took 5.375µs
2025-04-28 22:12:55 [INFO] [PROFILE] System agent_agent_interaction_system took 845.416µs
2025-04-28 22:12:55 [INFO] [PROFILE] System interaction_stats_update_system took 83ns
2025-04-28 22:12:55 [INFO] [PROFILE] System initial_spawn_system took 41ns
2025-04-28 22:12:55 [INFO] [PROFILE] System food_collection_system took 1.461584ms
2025-04-28 22:12:55 [INFO] [PROFILE] System agent_pausing_system took 2.833µs
2025-04-28 22:12:55 [INFO] [PROFILE] System agent_hunger_energy_system took 13.25µs
2025-04-28 22:12:55 [INFO] [PROFILE] System agent_path_movement_system took 5.416µs
2025-04-28 22:12:55 [INFO] [PROFILE] System agent_direct_movement_system took 7.334µs
2025-04-28 22:12:55 [INFO] [PROFILE] System agent_state_transition_system took 7.625µs
2025-04-28 22:12:55 [INFO] [PROFILE] System agent_arrival_logging_system took 25.041µs
2025-04-28 22:12:55 [INFO] [PROFILE] System agent_move_logging_system took 546.917µs
2025-04-28 22:12:55 [INFO] [PROFILE] System agent_spawn_logging_system took 715.416µs
2025-04-28 22:12:55 [INFO] [PROFILE] System interaction_event_logging_system took 3.292µs
2025-04-28 22:12:55 [INFO] [PROFILE] System agent_agent_interaction_system took 858.334µs
2025-04-28 22:12:55 [INFO] [PROFILE] System interaction_stats_update_system took 0ns
